Copyright 1986-2022 Xilinx, Inc. All Rights Reserved. Copyright 2022-2025 Advanced Micro Devices, Inc. All Rights Reserved.
------------------------------------------------------------------------------------------------------------------------------------------------------------------------------------------------------------------------------------------------------------
| Tool Version : Vivado v.2025.2 (win64) Build 6299465 Fri Nov 14 19:35:11 GMT 2025
| Date         : Mon Mar 30 20:05:11 2026
| Host         : DESKTOP-MAISHA running 64-bit major release  (build 9200)
| Command      : report_timing_summary -max_paths 10 -routable_nets -report_unconstrained -file simple_clock_top_timing_summary_routed.rpt -pb simple_clock_top_timing_summary_routed.pb -rpx simple_clock_top_timing_summary_routed.rpx -warn_on_violation
| Design       : simple_clock_top
| Device       : 7a100t-csg324
| Speed File   : -1  PRODUCTION 1.23 2018-06-13
| Design State : Routed
------------------------------------------------------------------------------------------------------------------------------------------------------------------------------------------------------------------------------------------------------------

Timing Summary Report

------------------------------------------------------------------------------------------------
| Timer Settings
| --------------
------------------------------------------------------------------------------------------------

  Enable Multi Corner Analysis               :  Yes
  Enable Pessimism Removal                   :  Yes
  Pessimism Removal Resolution               :  Nearest Common Node
  Enable Input Delay Default Clock           :  No
  Enable Preset / Clear Arcs                 :  No
  Disable Flight Delays                      :  No
  Ignore I/O Paths                           :  No
  Timing Early Launch at Borrowing Latches   :  No
  Borrow Time for Max Delay Exceptions       :  Yes
  Merge Timing Exceptions                    :  Yes
  Inter-SLR Compensation                     :  Conservative

  Corner  Analyze    Analyze    
  Name    Max Paths  Min Paths  
  ------  ---------  ---------  
  Slow    Yes        Yes        
  Fast    Yes        Yes        


------------------------------------------------------------------------------------------------
| Report Methodology
| ------------------
------------------------------------------------------------------------------------------------

Rule       Severity          Description                  Violations  
---------  ----------------  ---------------------------  ----------  
TIMING-17  Critical Warning  Non-clocked sequential cell  234         

Note: This report is based on the most recent report_methodology run and may not be up-to-date. Run report_methodology on the current design for the latest report.



check_timing report

Table of Contents
-----------------
1. checking no_clock (234)
2. checking constant_clock (0)
3. checking pulse_width_clock (0)
4. checking unconstrained_internal_endpoints (531)
5. checking no_input_delay (3)
6. checking no_output_delay (28)
7. checking multiple_clock (0)
8. checking generated_clocks (0)
9. checking loops (0)
10. checking partial_input_delay (0)
11. checking partial_output_delay (0)
12. checking latch_loops (0)

1. checking no_clock (234)
--------------------------
 There are 234 register/latch pins with no clock driven by root clock pin: CLK100MHZ (HIGH)


2. checking constant_clock (0)
------------------------------
 There are 0 register/latch pins with constant_clock.


3. checking pulse_width_clock (0)
---------------------------------
 There are 0 register/latch pins which need pulse_width check


4. checking unconstrained_internal_endpoints (531)
--------------------------------------------------
 There are 531 pins that are not constrained for maximum delay. (HIGH)

 There are 0 pins that are not constrained for maximum delay due to constant clock.


5. checking no_input_delay (3)
------------------------------
 There are 3 input ports with no input delay specified. (HIGH)

 There are 0 input ports with no input delay but user has a false path constraint.


6. checking no_output_delay (28)
--------------------------------
 There are 28 ports with no output delay specified. (HIGH)

 There are 0 ports with no output delay but user has a false path constraint

 There are 0 ports with no output delay but with a timing clock defined on it or propagating through it


7. checking multiple_clock (0)
------------------------------
 There are 0 register/latch pins with multiple clocks.


8. checking generated_clocks (0)
--------------------------------
 There are 0 generated clocks that are not connected to a clock source.


9. checking loops (0)
---------------------
 There are 0 combinational loops in the design.


10. checking partial_input_delay (0)
------------------------------------
 There are 0 input ports with partial input delay specified.


11. checking partial_output_delay (0)
-------------------------------------
 There are 0 ports with partial output delay specified.


12. checking latch_loops (0)
----------------------------
 There are 0 combinational latch loops in the design through latch input



------------------------------------------------------------------------------------------------
| Design Timing Summary
| ---------------------
------------------------------------------------------------------------------------------------

    WNS(ns)      TNS(ns)  TNS Failing Endpoints  TNS Total Endpoints      WHS(ns)      THS(ns)  THS Failing Endpoints  THS Total Endpoints     WPWS(ns)     TPWS(ns)  TPWS Failing Endpoints  TPWS Total Endpoints  
    -------      -------  ---------------------  -------------------      -------      -------  ---------------------  -------------------     --------     --------  ----------------------  --------------------  
        inf        0.000                      0                  559          inf        0.000                      0                  559           NA           NA                      NA                    NA  


There are no user specified timing constraints.


------------------------------------------------------------------------------------------------
| Clock Summary
| -------------
------------------------------------------------------------------------------------------------


------------------------------------------------------------------------------------------------
| Intra Clock Table
| -----------------
------------------------------------------------------------------------------------------------

Clock             WNS(ns)      TNS(ns)  TNS Failing Endpoints  TNS Total Endpoints      WHS(ns)      THS(ns)  THS Failing Endpoints  THS Total Endpoints     WPWS(ns)     TPWS(ns)  TPWS Failing Endpoints  TPWS Total Endpoints  
-----             -------      -------  ---------------------  -------------------      -------      -------  ---------------------  -------------------     --------     --------  ----------------------  --------------------  


------------------------------------------------------------------------------------------------
| Inter Clock Table
| -----------------
------------------------------------------------------------------------------------------------

From Clock    To Clock          WNS(ns)      TNS(ns)  TNS Failing Endpoints  TNS Total Endpoints      WHS(ns)      THS(ns)  THS Failing Endpoints  THS Total Endpoints  
----------    --------          -------      -------  ---------------------  -------------------      -------      -------  ---------------------  -------------------  


------------------------------------------------------------------------------------------------
| Other Path Groups Table
| -----------------------
------------------------------------------------------------------------------------------------

Path Group    From Clock    To Clock          WNS(ns)      TNS(ns)  TNS Failing Endpoints  TNS Total Endpoints      WHS(ns)      THS(ns)  THS Failing Endpoints  THS Total Endpoints  
----------    ----------    --------          -------      -------  ---------------------  -------------------      -------      -------  ---------------------  -------------------  


------------------------------------------------------------------------------------------------
| User Ignored Path Table
| -----------------------
------------------------------------------------------------------------------------------------

Path Group    From Clock    To Clock    
----------    ----------    --------    


------------------------------------------------------------------------------------------------
| Unconstrained Path Table
| ------------------------
------------------------------------------------------------------------------------------------

Path Group    From Clock    To Clock    
----------    ----------    --------    
(none)                                    


------------------------------------------------------------------------------------------------
| Timing Details
| --------------
------------------------------------------------------------------------------------------------


--------------------------------------------------------------------------------------
Path Group:  (none)
From Clock:  
  To Clock:  

Max Delay           559 Endpoints
Min Delay           559 Endpoints
--------------------------------------------------------------------------------------


Max Delay Paths
--------------------------------------------------------------------------------------
Slack:                    inf
  Source:                 active_corrected_reg[9]/C
                            (rising edge-triggered cell FDRE)
  Destination:            cycle_counter_reg[0]/R
  Path Group:             (none)
  Path Type:              Max at Slow Process Corner
  Data Path Delay:        21.856ns  (logic 10.034ns (45.911%)  route 11.822ns (54.090%))
  Logic Levels:           25  (CARRY4=14 DSP48E1=1 FDRE=1 LUT1=2 LUT2=2 LUT3=1 LUT4=1 LUT6=3)

    Location             Delay type                Incr(ns)  Path(ns)    Netlist Resource(s)
  -------------------------------------------------------------------    -------------------
    SLICE_X12Y118        FDRE                         0.000     0.000 r  active_corrected_reg[9]/C
    SLICE_X12Y118        FDRE (Prop_fdre_C_Q)         0.518     0.518 f  active_corrected_reg[9]/Q
                         net (fo=3, routed)           0.897     1.415    active_corrected[9]
    SLICE_X14Y115        LUT1 (Prop_lut1_I0_O)        0.124     1.539 r  exaggerated_delta_i_33/O
                         net (fo=1, routed)           0.398     1.937    p_0_in[1]
    SLICE_X15Y115        CARRY4 (Prop_carry4_CYINIT_CO[3])
                                                      0.580     2.517 r  exaggerated_delta_i_20/CO[3]
                         net (fo=1, routed)           0.000     2.517    exaggerated_delta_i_20_n_0
    SLICE_X15Y116        CARRY4 (Prop_carry4_CI_CO[3])
                                                      0.114     2.631 r  exaggerated_delta_i_19/CO[3]
                         net (fo=1, routed)           0.000     2.631    exaggerated_delta_i_19_n_0
    SLICE_X15Y117        CARRY4 (Prop_carry4_CI_O[0])
                                                      0.222     2.853 r  exaggerated_delta_i_18/O[0]
                         net (fo=1, routed)           0.834     3.687    delta_per_sec0[10]
    SLICE_X14Y116        LUT2 (Prop_lut2_I1_O)        0.325     4.012 r  exaggerated_delta_i_6/O
                         net (fo=1, routed)           0.555     4.567    exaggerated_delta_i_6_n_0
    DSP48_X0Y46          DSP48E1 (Prop_dsp48e1_A[10]_P[0])
                                                      4.045     8.612 f  exaggerated_delta/P[0]
                         net (fo=4, routed)           1.182     9.793    exaggerated_delta__0[0]
    SLICE_X13Y112        LUT1 (Prop_lut1_I0_O)        0.124     9.917 r  one_sec_pulse_i_144/O
                         net (fo=1, routed)           0.189    10.107    one_sec_pulse_i_144_n_0
    SLICE_X12Y112        CARRY4 (Prop_carry4_CYINIT_CO[3])
                                                      0.595    10.702 r  one_sec_pulse_reg_i_137/CO[3]
                         net (fo=1, routed)           0.000    10.702    one_sec_pulse_reg_i_137_n_0
    SLICE_X12Y113        CARRY4 (Prop_carry4_CI_CO[3])
                                                      0.117    10.819 r  one_sec_pulse_reg_i_132/CO[3]
                         net (fo=1, routed)           0.000    10.819    one_sec_pulse_reg_i_132_n_0
    SLICE_X12Y114        CARRY4 (Prop_carry4_CI_O[0])
                                                      0.219    11.038 f  one_sec_pulse_reg_i_109/O[0]
                         net (fo=3, routed)           0.889    11.926    raw_terminal0[9]
    SLICE_X13Y114        LUT6 (Prop_lut6_I3_O)        0.295    12.221 r  one_sec_pulse_i_114/O
                         net (fo=1, routed)           0.812    13.034    one_sec_pulse_i_114_n_0
    SLICE_X13Y115        LUT3 (Prop_lut3_I2_O)        0.124    13.158 r  one_sec_pulse_i_81/O
                         net (fo=2, routed)           0.678    13.835    one_sec_pulse_i_81_n_0
    SLICE_X13Y115        LUT6 (Prop_lut6_I3_O)        0.124    13.959 r  one_sec_pulse_i_44/O
                         net (fo=49, routed)          1.387    15.346    one_sec_pulse_i_44_n_0
    SLICE_X10Y112        LUT6 (Prop_lut6_I4_O)        0.124    15.470 r  one_sec_pulse_i_127/O
                         net (fo=1, routed)           0.804    16.275    one_sec_pulse_i_127_n_0
    SLICE_X9Y112         CARRY4 (Prop_carry4_S[0]_CO[3])
                                                      0.656    16.931 r  one_sec_pulse_reg_i_87/CO[3]
                         net (fo=1, routed)           0.000    16.931    one_sec_pulse_reg_i_87_n_0
    SLICE_X9Y113         CARRY4 (Prop_carry4_CI_CO[3])
                                                      0.114    17.045 r  one_sec_pulse_reg_i_58/CO[3]
                         net (fo=1, routed)           0.000    17.045    one_sec_pulse_reg_i_58_n_0
    SLICE_X9Y114         CARRY4 (Prop_carry4_CI_CO[3])
                                                      0.114    17.159 r  one_sec_pulse_reg_i_57/CO[3]
                         net (fo=1, routed)           0.000    17.159    one_sec_pulse_reg_i_57_n_0
    SLICE_X9Y115         CARRY4 (Prop_carry4_CI_CO[3])
                                                      0.114    17.273 r  one_sec_pulse_reg_i_34/CO[3]
                         net (fo=1, routed)           0.000    17.273    one_sec_pulse_reg_i_34_n_0
    SLICE_X9Y116         CARRY4 (Prop_carry4_CI_CO[3])
                                                      0.114    17.387 r  one_sec_pulse_reg_i_33/CO[3]
                         net (fo=1, routed)           0.000    17.387    one_sec_pulse_reg_i_33_n_0
    SLICE_X9Y117         CARRY4 (Prop_carry4_CI_CO[3])
                                                      0.114    17.501 r  one_sec_pulse_reg_i_17/CO[3]
                         net (fo=1, routed)           0.000    17.501    one_sec_pulse_reg_i_17_n_0
    SLICE_X9Y118         CARRY4 (Prop_carry4_CI_O[0])
                                                      0.222    17.723 r  one_sec_pulse_reg_i_5/O[0]
                         net (fo=2, routed)           0.995    18.718    cycle_counter1[25]
    SLICE_X8Y116         LUT4 (Prop_lut4_I0_O)        0.299    19.017 r  one_sec_pulse_i_7/O
                         net (fo=1, routed)           0.000    19.017    one_sec_pulse_i_7_n_0
    SLICE_X8Y116         CARRY4 (Prop_carry4_S[0]_CO[3])
                                                      0.513    19.530 r  one_sec_pulse_reg_i_1/CO[3]
                         net (fo=2, routed)           0.992    20.522    one_sec_pulse_reg_i_1_n_0
    SLICE_X6Y116         LUT2 (Prop_lut2_I0_O)        0.124    20.646 r  cycle_counter[0]_i_1/O
                         net (fo=28, routed)          1.210    21.856    cycle_counter[0]_i_1_n_0
    SLICE_X7Y111         FDRE                                         r  cycle_counter_reg[0]/R
  -------------------------------------------------------------------    -------------------

Slack:                    inf
  Source:                 active_corrected_reg[9]/C
                            (rising edge-triggered cell FDRE)
  Destination:            cycle_counter_reg[1]/R
  Path Group:             (none)
  Path Type:              Max at Slow Process Corner
  Data Path Delay:        21.856ns  (logic 10.034ns (45.911%)  route 11.822ns (54.090%))
  Logic Levels:           25  (CARRY4=14 DSP48E1=1 FDRE=1 LUT1=2 LUT2=2 LUT3=1 LUT4=1 LUT6=3)

    Location             Delay type                Incr(ns)  Path(ns)    Netlist Resource(s)
  -------------------------------------------------------------------    -------------------
    SLICE_X12Y118        FDRE                         0.000     0.000 r  active_corrected_reg[9]/C
    SLICE_X12Y118        FDRE (Prop_fdre_C_Q)         0.518     0.518 f  active_corrected_reg[9]/Q
                         net (fo=3, routed)           0.897     1.415    active_corrected[9]
    SLICE_X14Y115        LUT1 (Prop_lut1_I0_O)        0.124     1.539 r  exaggerated_delta_i_33/O
                         net (fo=1, routed)           0.398     1.937    p_0_in[1]
    SLICE_X15Y115        CARRY4 (Prop_carry4_CYINIT_CO[3])
                                                      0.580     2.517 r  exaggerated_delta_i_20/CO[3]
                         net (fo=1, routed)           0.000     2.517    exaggerated_delta_i_20_n_0
    SLICE_X15Y116        CARRY4 (Prop_carry4_CI_CO[3])
                                                      0.114     2.631 r  exaggerated_delta_i_19/CO[3]
                         net (fo=1, routed)           0.000     2.631    exaggerated_delta_i_19_n_0
    SLICE_X15Y117        CARRY4 (Prop_carry4_CI_O[0])
                                                      0.222     2.853 r  exaggerated_delta_i_18/O[0]
                         net (fo=1, routed)           0.834     3.687    delta_per_sec0[10]
    SLICE_X14Y116        LUT2 (Prop_lut2_I1_O)        0.325     4.012 r  exaggerated_delta_i_6/O
                         net (fo=1, routed)           0.555     4.567    exaggerated_delta_i_6_n_0
    DSP48_X0Y46          DSP48E1 (Prop_dsp48e1_A[10]_P[0])
                                                      4.045     8.612 f  exaggerated_delta/P[0]
                         net (fo=4, routed)           1.182     9.793    exaggerated_delta__0[0]
    SLICE_X13Y112        LUT1 (Prop_lut1_I0_O)        0.124     9.917 r  one_sec_pulse_i_144/O
                         net (fo=1, routed)           0.189    10.107    one_sec_pulse_i_144_n_0
    SLICE_X12Y112        CARRY4 (Prop_carry4_CYINIT_CO[3])
                                                      0.595    10.702 r  one_sec_pulse_reg_i_137/CO[3]
                         net (fo=1, routed)           0.000    10.702    one_sec_pulse_reg_i_137_n_0
    SLICE_X12Y113        CARRY4 (Prop_carry4_CI_CO[3])
                                                      0.117    10.819 r  one_sec_pulse_reg_i_132/CO[3]
                         net (fo=1, routed)           0.000    10.819    one_sec_pulse_reg_i_132_n_0
    SLICE_X12Y114        CARRY4 (Prop_carry4_CI_O[0])
                                                      0.219    11.038 f  one_sec_pulse_reg_i_109/O[0]
                         net (fo=3, routed)           0.889    11.926    raw_terminal0[9]
    SLICE_X13Y114        LUT6 (Prop_lut6_I3_O)        0.295    12.221 r  one_sec_pulse_i_114/O
                         net (fo=1, routed)           0.812    13.034    one_sec_pulse_i_114_n_0
    SLICE_X13Y115        LUT3 (Prop_lut3_I2_O)        0.124    13.158 r  one_sec_pulse_i_81/O
                         net (fo=2, routed)           0.678    13.835    one_sec_pulse_i_81_n_0
    SLICE_X13Y115        LUT6 (Prop_lut6_I3_O)        0.124    13.959 r  one_sec_pulse_i_44/O
                         net (fo=49, routed)          1.387    15.346    one_sec_pulse_i_44_n_0
    SLICE_X10Y112        LUT6 (Prop_lut6_I4_O)        0.124    15.470 r  one_sec_pulse_i_127/O
                         net (fo=1, routed)           0.804    16.275    one_sec_pulse_i_127_n_0
    SLICE_X9Y112         CARRY4 (Prop_carry4_S[0]_CO[3])
                                                      0.656    16.931 r  one_sec_pulse_reg_i_87/CO[3]
                         net (fo=1, routed)           0.000    16.931    one_sec_pulse_reg_i_87_n_0
    SLICE_X9Y113         CARRY4 (Prop_carry4_CI_CO[3])
                                                      0.114    17.045 r  one_sec_pulse_reg_i_58/CO[3]
                         net (fo=1, routed)           0.000    17.045    one_sec_pulse_reg_i_58_n_0
    SLICE_X9Y114         CARRY4 (Prop_carry4_CI_CO[3])
                                                      0.114    17.159 r  one_sec_pulse_reg_i_57/CO[3]
                         net (fo=1, routed)           0.000    17.159    one_sec_pulse_reg_i_57_n_0
    SLICE_X9Y115         CARRY4 (Prop_carry4_CI_CO[3])
                                                      0.114    17.273 r  one_sec_pulse_reg_i_34/CO[3]
                         net (fo=1, routed)           0.000    17.273    one_sec_pulse_reg_i_34_n_0
    SLICE_X9Y116         CARRY4 (Prop_carry4_CI_CO[3])
                                                      0.114    17.387 r  one_sec_pulse_reg_i_33/CO[3]
                         net (fo=1, routed)           0.000    17.387    one_sec_pulse_reg_i_33_n_0
    SLICE_X9Y117         CARRY4 (Prop_carry4_CI_CO[3])
                                                      0.114    17.501 r  one_sec_pulse_reg_i_17/CO[3]
                         net (fo=1, routed)           0.000    17.501    one_sec_pulse_reg_i_17_n_0
    SLICE_X9Y118         CARRY4 (Prop_carry4_CI_O[0])
                                                      0.222    17.723 r  one_sec_pulse_reg_i_5/O[0]
                         net (fo=2, routed)           0.995    18.718    cycle_counter1[25]
    SLICE_X8Y116         LUT4 (Prop_lut4_I0_O)        0.299    19.017 r  one_sec_pulse_i_7/O
                         net (fo=1, routed)           0.000    19.017    one_sec_pulse_i_7_n_0
    SLICE_X8Y116         CARRY4 (Prop_carry4_S[0]_CO[3])
                                                      0.513    19.530 r  one_sec_pulse_reg_i_1/CO[3]
                         net (fo=2, routed)           0.992    20.522    one_sec_pulse_reg_i_1_n_0
    SLICE_X6Y116         LUT2 (Prop_lut2_I0_O)        0.124    20.646 r  cycle_counter[0]_i_1/O
                         net (fo=28, routed)          1.210    21.856    cycle_counter[0]_i_1_n_0
    SLICE_X7Y111         FDRE                                         r  cycle_counter_reg[1]/R
  -------------------------------------------------------------------    -------------------

Slack:                    inf
  Source:                 active_corrected_reg[9]/C
                            (rising edge-triggered cell FDRE)
  Destination:            cycle_counter_reg[2]/R
  Path Group:             (none)
  Path Type:              Max at Slow Process Corner
  Data Path Delay:        21.856ns  (logic 10.034ns (45.911%)  route 11.822ns (54.090%))
  Logic Levels:           25  (CARRY4=14 DSP48E1=1 FDRE=1 LUT1=2 LUT2=2 LUT3=1 LUT4=1 LUT6=3)

    Location             Delay type                Incr(ns)  Path(ns)    Netlist Resource(s)
  -------------------------------------------------------------------    -------------------
    SLICE_X12Y118        FDRE                         0.000     0.000 r  active_corrected_reg[9]/C
    SLICE_X12Y118        FDRE (Prop_fdre_C_Q)         0.518     0.518 f  active_corrected_reg[9]/Q
                         net (fo=3, routed)           0.897     1.415    active_corrected[9]
    SLICE_X14Y115        LUT1 (Prop_lut1_I0_O)        0.124     1.539 r  exaggerated_delta_i_33/O
                         net (fo=1, routed)           0.398     1.937    p_0_in[1]
    SLICE_X15Y115        CARRY4 (Prop_carry4_CYINIT_CO[3])
                                                      0.580     2.517 r  exaggerated_delta_i_20/CO[3]
                         net (fo=1, routed)           0.000     2.517    exaggerated_delta_i_20_n_0
    SLICE_X15Y116        CARRY4 (Prop_carry4_CI_CO[3])
                                                      0.114     2.631 r  exaggerated_delta_i_19/CO[3]
                         net (fo=1, routed)           0.000     2.631    exaggerated_delta_i_19_n_0
    SLICE_X15Y117        CARRY4 (Prop_carry4_CI_O[0])
                                                      0.222     2.853 r  exaggerated_delta_i_18/O[0]
                         net (fo=1, routed)           0.834     3.687    delta_per_sec0[10]
    SLICE_X14Y116        LUT2 (Prop_lut2_I1_O)        0.325     4.012 r  exaggerated_delta_i_6/O
                         net (fo=1, routed)           0.555     4.567    exaggerated_delta_i_6_n_0
    DSP48_X0Y46          DSP48E1 (Prop_dsp48e1_A[10]_P[0])
                                                      4.045     8.612 f  exaggerated_delta/P[0]
                         net (fo=4, routed)           1.182     9.793    exaggerated_delta__0[0]
    SLICE_X13Y112        LUT1 (Prop_lut1_I0_O)        0.124     9.917 r  one_sec_pulse_i_144/O
                         net (fo=1, routed)           0.189    10.107    one_sec_pulse_i_144_n_0
    SLICE_X12Y112        CARRY4 (Prop_carry4_CYINIT_CO[3])
                                                      0.595    10.702 r  one_sec_pulse_reg_i_137/CO[3]
                         net (fo=1, routed)           0.000    10.702    one_sec_pulse_reg_i_137_n_0
    SLICE_X12Y113        CARRY4 (Prop_carry4_CI_CO[3])
                                                      0.117    10.819 r  one_sec_pulse_reg_i_132/CO[3]
                         net (fo=1, routed)           0.000    10.819    one_sec_pulse_reg_i_132_n_0
    SLICE_X12Y114        CARRY4 (Prop_carry4_CI_O[0])
                                                      0.219    11.038 f  one_sec_pulse_reg_i_109/O[0]
                         net (fo=3, routed)           0.889    11.926    raw_terminal0[9]
    SLICE_X13Y114        LUT6 (Prop_lut6_I3_O)        0.295    12.221 r  one_sec_pulse_i_114/O
                         net (fo=1, routed)           0.812    13.034    one_sec_pulse_i_114_n_0
    SLICE_X13Y115        LUT3 (Prop_lut3_I2_O)        0.124    13.158 r  one_sec_pulse_i_81/O
                         net (fo=2, routed)           0.678    13.835    one_sec_pulse_i_81_n_0
    SLICE_X13Y115        LUT6 (Prop_lut6_I3_O)        0.124    13.959 r  one_sec_pulse_i_44/O
                         net (fo=49, routed)          1.387    15.346    one_sec_pulse_i_44_n_0
    SLICE_X10Y112        LUT6 (Prop_lut6_I4_O)        0.124    15.470 r  one_sec_pulse_i_127/O
                         net (fo=1, routed)           0.804    16.275    one_sec_pulse_i_127_n_0
    SLICE_X9Y112         CARRY4 (Prop_carry4_S[0]_CO[3])
                                                      0.656    16.931 r  one_sec_pulse_reg_i_87/CO[3]
                         net (fo=1, routed)           0.000    16.931    one_sec_pulse_reg_i_87_n_0
    SLICE_X9Y113         CARRY4 (Prop_carry4_CI_CO[3])
                                                      0.114    17.045 r  one_sec_pulse_reg_i_58/CO[3]
                         net (fo=1, routed)           0.000    17.045    one_sec_pulse_reg_i_58_n_0
    SLICE_X9Y114         CARRY4 (Prop_carry4_CI_CO[3])
                                                      0.114    17.159 r  one_sec_pulse_reg_i_57/CO[3]
                         net (fo=1, routed)           0.000    17.159    one_sec_pulse_reg_i_57_n_0
    SLICE_X9Y115         CARRY4 (Prop_carry4_CI_CO[3])
                                                      0.114    17.273 r  one_sec_pulse_reg_i_34/CO[3]
                         net (fo=1, routed)           0.000    17.273    one_sec_pulse_reg_i_34_n_0
    SLICE_X9Y116         CARRY4 (Prop_carry4_CI_CO[3])
                                                      0.114    17.387 r  one_sec_pulse_reg_i_33/CO[3]
                         net (fo=1, routed)           0.000    17.387    one_sec_pulse_reg_i_33_n_0
    SLICE_X9Y117         CARRY4 (Prop_carry4_CI_CO[3])
                                                      0.114    17.501 r  one_sec_pulse_reg_i_17/CO[3]
                         net (fo=1, routed)           0.000    17.501    one_sec_pulse_reg_i_17_n_0
    SLICE_X9Y118         CARRY4 (Prop_carry4_CI_O[0])
                                                      0.222    17.723 r  one_sec_pulse_reg_i_5/O[0]
                         net (fo=2, routed)           0.995    18.718    cycle_counter1[25]
    SLICE_X8Y116         LUT4 (Prop_lut4_I0_O)        0.299    19.017 r  one_sec_pulse_i_7/O
                         net (fo=1, routed)           0.000    19.017    one_sec_pulse_i_7_n_0
    SLICE_X8Y116         CARRY4 (Prop_carry4_S[0]_CO[3])
                                                      0.513    19.530 r  one_sec_pulse_reg_i_1/CO[3]
                         net (fo=2, routed)           0.992    20.522    one_sec_pulse_reg_i_1_n_0
    SLICE_X6Y116         LUT2 (Prop_lut2_I0_O)        0.124    20.646 r  cycle_counter[0]_i_1/O
                         net (fo=28, routed)          1.210    21.856    cycle_counter[0]_i_1_n_0
    SLICE_X7Y111         FDRE                                         r  cycle_counter_reg[2]/R
  -------------------------------------------------------------------    -------------------

Slack:                    inf
  Source:                 active_corrected_reg[9]/C
                            (rising edge-triggered cell FDRE)
  Destination:            cycle_counter_reg[3]/R
  Path Group:             (none)
  Path Type:              Max at Slow Process Corner
  Data Path Delay:        21.856ns  (logic 10.034ns (45.911%)  route 11.822ns (54.090%))
  Logic Levels:           25  (CARRY4=14 DSP48E1=1 FDRE=1 LUT1=2 LUT2=2 LUT3=1 LUT4=1 LUT6=3)

    Location             Delay type                Incr(ns)  Path(ns)    Netlist Resource(s)
  -------------------------------------------------------------------    -------------------
    SLICE_X12Y118        FDRE                         0.000     0.000 r  active_corrected_reg[9]/C
    SLICE_X12Y118        FDRE (Prop_fdre_C_Q)         0.518     0.518 f  active_corrected_reg[9]/Q
                         net (fo=3, routed)           0.897     1.415    active_corrected[9]
    SLICE_X14Y115        LUT1 (Prop_lut1_I0_O)        0.124     1.539 r  exaggerated_delta_i_33/O
                         net (fo=1, routed)           0.398     1.937    p_0_in[1]
    SLICE_X15Y115        CARRY4 (Prop_carry4_CYINIT_CO[3])
                                                      0.580     2.517 r  exaggerated_delta_i_20/CO[3]
                         net (fo=1, routed)           0.000     2.517    exaggerated_delta_i_20_n_0
    SLICE_X15Y116        CARRY4 (Prop_carry4_CI_CO[3])
                                                      0.114     2.631 r  exaggerated_delta_i_19/CO[3]
                         net (fo=1, routed)           0.000     2.631    exaggerated_delta_i_19_n_0
    SLICE_X15Y117        CARRY4 (Prop_carry4_CI_O[0])
                                                      0.222     2.853 r  exaggerated_delta_i_18/O[0]
                         net (fo=1, routed)           0.834     3.687    delta_per_sec0[10]
    SLICE_X14Y116        LUT2 (Prop_lut2_I1_O)        0.325     4.012 r  exaggerated_delta_i_6/O
                         net (fo=1, routed)           0.555     4.567    exaggerated_delta_i_6_n_0
    DSP48_X0Y46          DSP48E1 (Prop_dsp48e1_A[10]_P[0])
                                                      4.045     8.612 f  exaggerated_delta/P[0]
                         net (fo=4, routed)           1.182     9.793    exaggerated_delta__0[0]
    SLICE_X13Y112        LUT1 (Prop_lut1_I0_O)        0.124     9.917 r  one_sec_pulse_i_144/O
                         net (fo=1, routed)           0.189    10.107    one_sec_pulse_i_144_n_0
    SLICE_X12Y112        CARRY4 (Prop_carry4_CYINIT_CO[3])
                                                      0.595    10.702 r  one_sec_pulse_reg_i_137/CO[3]
                         net (fo=1, routed)           0.000    10.702    one_sec_pulse_reg_i_137_n_0
    SLICE_X12Y113        CARRY4 (Prop_carry4_CI_CO[3])
                                                      0.117    10.819 r  one_sec_pulse_reg_i_132/CO[3]
                         net (fo=1, routed)           0.000    10.819    one_sec_pulse_reg_i_132_n_0
    SLICE_X12Y114        CARRY4 (Prop_carry4_CI_O[0])
                                                      0.219    11.038 f  one_sec_pulse_reg_i_109/O[0]
                         net (fo=3, routed)           0.889    11.926    raw_terminal0[9]
    SLICE_X13Y114        LUT6 (Prop_lut6_I3_O)        0.295    12.221 r  one_sec_pulse_i_114/O
                         net (fo=1, routed)           0.812    13.034    one_sec_pulse_i_114_n_0
    SLICE_X13Y115        LUT3 (Prop_lut3_I2_O)        0.124    13.158 r  one_sec_pulse_i_81/O
                         net (fo=2, routed)           0.678    13.835    one_sec_pulse_i_81_n_0
    SLICE_X13Y115        LUT6 (Prop_lut6_I3_O)        0.124    13.959 r  one_sec_pulse_i_44/O
                         net (fo=49, routed)          1.387    15.346    one_sec_pulse_i_44_n_0
    SLICE_X10Y112        LUT6 (Prop_lut6_I4_O)        0.124    15.470 r  one_sec_pulse_i_127/O
                         net (fo=1, routed)           0.804    16.275    one_sec_pulse_i_127_n_0
    SLICE_X9Y112         CARRY4 (Prop_carry4_S[0]_CO[3])
                                                      0.656    16.931 r  one_sec_pulse_reg_i_87/CO[3]
                         net (fo=1, routed)           0.000    16.931    one_sec_pulse_reg_i_87_n_0
    SLICE_X9Y113         CARRY4 (Prop_carry4_CI_CO[3])
                                                      0.114    17.045 r  one_sec_pulse_reg_i_58/CO[3]
                         net (fo=1, routed)           0.000    17.045    one_sec_pulse_reg_i_58_n_0
    SLICE_X9Y114         CARRY4 (Prop_carry4_CI_CO[3])
                                                      0.114    17.159 r  one_sec_pulse_reg_i_57/CO[3]
                         net (fo=1, routed)           0.000    17.159    one_sec_pulse_reg_i_57_n_0
    SLICE_X9Y115         CARRY4 (Prop_carry4_CI_CO[3])
                                                      0.114    17.273 r  one_sec_pulse_reg_i_34/CO[3]
                         net (fo=1, routed)           0.000    17.273    one_sec_pulse_reg_i_34_n_0
    SLICE_X9Y116         CARRY4 (Prop_carry4_CI_CO[3])
                                                      0.114    17.387 r  one_sec_pulse_reg_i_33/CO[3]
                         net (fo=1, routed)           0.000    17.387    one_sec_pulse_reg_i_33_n_0
    SLICE_X9Y117         CARRY4 (Prop_carry4_CI_CO[3])
                                                      0.114    17.501 r  one_sec_pulse_reg_i_17/CO[3]
                         net (fo=1, routed)           0.000    17.501    one_sec_pulse_reg_i_17_n_0
    SLICE_X9Y118         CARRY4 (Prop_carry4_CI_O[0])
                                                      0.222    17.723 r  one_sec_pulse_reg_i_5/O[0]
                         net (fo=2, routed)           0.995    18.718    cycle_counter1[25]
    SLICE_X8Y116         LUT4 (Prop_lut4_I0_O)        0.299    19.017 r  one_sec_pulse_i_7/O
                         net (fo=1, routed)           0.000    19.017    one_sec_pulse_i_7_n_0
    SLICE_X8Y116         CARRY4 (Prop_carry4_S[0]_CO[3])
                                                      0.513    19.530 r  one_sec_pulse_reg_i_1/CO[3]
                         net (fo=2, routed)           0.992    20.522    one_sec_pulse_reg_i_1_n_0
    SLICE_X6Y116         LUT2 (Prop_lut2_I0_O)        0.124    20.646 r  cycle_counter[0]_i_1/O
                         net (fo=28, routed)          1.210    21.856    cycle_counter[0]_i_1_n_0
    SLICE_X7Y111         FDRE                                         r  cycle_counter_reg[3]/R
  -------------------------------------------------------------------    -------------------

Slack:                    inf
  Source:                 active_corrected_reg[9]/C
                            (rising edge-triggered cell FDRE)
  Destination:            cycle_counter_reg[4]/R
  Path Group:             (none)
  Path Type:              Max at Slow Process Corner
  Data Path Delay:        21.715ns  (logic 10.034ns (46.208%)  route 11.681ns (53.792%))
  Logic Levels:           25  (CARRY4=14 DSP48E1=1 FDRE=1 LUT1=2 LUT2=2 LUT3=1 LUT4=1 LUT6=3)

    Location             Delay type                Incr(ns)  Path(ns)    Netlist Resource(s)
  -------------------------------------------------------------------    -------------------
    SLICE_X12Y118        FDRE                         0.000     0.000 r  active_corrected_reg[9]/C
    SLICE_X12Y118        FDRE (Prop_fdre_C_Q)         0.518     0.518 f  active_corrected_reg[9]/Q
                         net (fo=3, routed)           0.897     1.415    active_corrected[9]
    SLICE_X14Y115        LUT1 (Prop_lut1_I0_O)        0.124     1.539 r  exaggerated_delta_i_33/O
                         net (fo=1, routed)           0.398     1.937    p_0_in[1]
    SLICE_X15Y115        CARRY4 (Prop_carry4_CYINIT_CO[3])
                                                      0.580     2.517 r  exaggerated_delta_i_20/CO[3]
                         net (fo=1, routed)           0.000     2.517    exaggerated_delta_i_20_n_0
    SLICE_X15Y116        CARRY4 (Prop_carry4_CI_CO[3])
                                                      0.114     2.631 r  exaggerated_delta_i_19/CO[3]
                         net (fo=1, routed)           0.000     2.631    exaggerated_delta_i_19_n_0
    SLICE_X15Y117        CARRY4 (Prop_carry4_CI_O[0])
                                                      0.222     2.853 r  exaggerated_delta_i_18/O[0]
                         net (fo=1, routed)           0.834     3.687    delta_per_sec0[10]
    SLICE_X14Y116        LUT2 (Prop_lut2_I1_O)        0.325     4.012 r  exaggerated_delta_i_6/O
                         net (fo=1, routed)           0.555     4.567    exaggerated_delta_i_6_n_0
    DSP48_X0Y46          DSP48E1 (Prop_dsp48e1_A[10]_P[0])
                                                      4.045     8.612 f  exaggerated_delta/P[0]
                         net (fo=4, routed)           1.182     9.793    exaggerated_delta__0[0]
    SLICE_X13Y112        LUT1 (Prop_lut1_I0_O)        0.124     9.917 r  one_sec_pulse_i_144/O
                         net (fo=1, routed)           0.189    10.107    one_sec_pulse_i_144_n_0
    SLICE_X12Y112        CARRY4 (Prop_carry4_CYINIT_CO[3])
                                                      0.595    10.702 r  one_sec_pulse_reg_i_137/CO[3]
                         net (fo=1, routed)           0.000    10.702    one_sec_pulse_reg_i_137_n_0
    SLICE_X12Y113        CARRY4 (Prop_carry4_CI_CO[3])
                                                      0.117    10.819 r  one_sec_pulse_reg_i_132/CO[3]
                         net (fo=1, routed)           0.000    10.819    one_sec_pulse_reg_i_132_n_0
    SLICE_X12Y114        CARRY4 (Prop_carry4_CI_O[0])
                                                      0.219    11.038 f  one_sec_pulse_reg_i_109/O[0]
                         net (fo=3, routed)           0.889    11.926    raw_terminal0[9]
    SLICE_X13Y114        LUT6 (Prop_lut6_I3_O)        0.295    12.221 r  one_sec_pulse_i_114/O
                         net (fo=1, routed)           0.812    13.034    one_sec_pulse_i_114_n_0
    SLICE_X13Y115        LUT3 (Prop_lut3_I2_O)        0.124    13.158 r  one_sec_pulse_i_81/O
                         net (fo=2, routed)           0.678    13.835    one_sec_pulse_i_81_n_0
    SLICE_X13Y115        LUT6 (Prop_lut6_I3_O)        0.124    13.959 r  one_sec_pulse_i_44/O
                         net (fo=49, routed)          1.387    15.346    one_sec_pulse_i_44_n_0
    SLICE_X10Y112        LUT6 (Prop_lut6_I4_O)        0.124    15.470 r  one_sec_pulse_i_127/O
                         net (fo=1, routed)           0.804    16.275    one_sec_pulse_i_127_n_0
    SLICE_X9Y112         CARRY4 (Prop_carry4_S[0]_CO[3])
                                                      0.656    16.931 r  one_sec_pulse_reg_i_87/CO[3]
                         net (fo=1, routed)           0.000    16.931    one_sec_pulse_reg_i_87_n_0
    SLICE_X9Y113         CARRY4 (Prop_carry4_CI_CO[3])
                                                      0.114    17.045 r  one_sec_pulse_reg_i_58/CO[3]
                         net (fo=1, routed)           0.000    17.045    one_sec_pulse_reg_i_58_n_0
    SLICE_X9Y114         CARRY4 (Prop_carry4_CI_CO[3])
                                                      0.114    17.159 r  one_sec_pulse_reg_i_57/CO[3]
                         net (fo=1, routed)           0.000    17.159    one_sec_pulse_reg_i_57_n_0
    SLICE_X9Y115         CARRY4 (Prop_carry4_CI_CO[3])
                                                      0.114    17.273 r  one_sec_pulse_reg_i_34/CO[3]
                         net (fo=1, routed)           0.000    17.273    one_sec_pulse_reg_i_34_n_0
    SLICE_X9Y116         CARRY4 (Prop_carry4_CI_CO[3])
                                                      0.114    17.387 r  one_sec_pulse_reg_i_33/CO[3]
                         net (fo=1, routed)           0.000    17.387    one_sec_pulse_reg_i_33_n_0
    SLICE_X9Y117         CARRY4 (Prop_carry4_CI_CO[3])
                                                      0.114    17.501 r  one_sec_pulse_reg_i_17/CO[3]
                         net (fo=1, routed)           0.000    17.501    one_sec_pulse_reg_i_17_n_0
    SLICE_X9Y118         CARRY4 (Prop_carry4_CI_O[0])
                                                      0.222    17.723 r  one_sec_pulse_reg_i_5/O[0]
                         net (fo=2, routed)           0.995    18.718    cycle_counter1[25]
    SLICE_X8Y116         LUT4 (Prop_lut4_I0_O)        0.299    19.017 r  one_sec_pulse_i_7/O
                         net (fo=1, routed)           0.000    19.017    one_sec_pulse_i_7_n_0
    SLICE_X8Y116         CARRY4 (Prop_carry4_S[0]_CO[3])
                                                      0.513    19.530 r  one_sec_pulse_reg_i_1/CO[3]
                         net (fo=2, routed)           0.992    20.522    one_sec_pulse_reg_i_1_n_0
    SLICE_X6Y116         LUT2 (Prop_lut2_I0_O)        0.124    20.646 r  cycle_counter[0]_i_1/O
                         net (fo=28, routed)          1.069    21.715    cycle_counter[0]_i_1_n_0
    SLICE_X7Y112         FDRE                                         r  cycle_counter_reg[4]/R
  -------------------------------------------------------------------    -------------------

Slack:                    inf
  Source:                 active_corrected_reg[9]/C
                            (rising edge-triggered cell FDRE)
  Destination:            cycle_counter_reg[5]/R
  Path Group:             (none)
  Path Type:              Max at Slow Process Corner
  Data Path Delay:        21.715ns  (logic 10.034ns (46.208%)  route 11.681ns (53.792%))
  Logic Levels:           25  (CARRY4=14 DSP48E1=1 FDRE=1 LUT1=2 LUT2=2 LUT3=1 LUT4=1 LUT6=3)

    Location             Delay type                Incr(ns)  Path(ns)    Netlist Resource(s)
  -------------------------------------------------------------------    -------------------
    SLICE_X12Y118        FDRE                         0.000     0.000 r  active_corrected_reg[9]/C
    SLICE_X12Y118        FDRE (Prop_fdre_C_Q)         0.518     0.518 f  active_corrected_reg[9]/Q
                         net (fo=3, routed)           0.897     1.415    active_corrected[9]
    SLICE_X14Y115        LUT1 (Prop_lut1_I0_O)        0.124     1.539 r  exaggerated_delta_i_33/O
                         net (fo=1, routed)           0.398     1.937    p_0_in[1]
    SLICE_X15Y115        CARRY4 (Prop_carry4_CYINIT_CO[3])
                                                      0.580     2.517 r  exaggerated_delta_i_20/CO[3]
                         net (fo=1, routed)           0.000     2.517    exaggerated_delta_i_20_n_0
    SLICE_X15Y116        CARRY4 (Prop_carry4_CI_CO[3])
                                                      0.114     2.631 r  exaggerated_delta_i_19/CO[3]
                         net (fo=1, routed)           0.000     2.631    exaggerated_delta_i_19_n_0
    SLICE_X15Y117        CARRY4 (Prop_carry4_CI_O[0])
                                                      0.222     2.853 r  exaggerated_delta_i_18/O[0]
                         net (fo=1, routed)           0.834     3.687    delta_per_sec0[10]
    SLICE_X14Y116        LUT2 (Prop_lut2_I1_O)        0.325     4.012 r  exaggerated_delta_i_6/O
                         net (fo=1, routed)           0.555     4.567    exaggerated_delta_i_6_n_0
    DSP48_X0Y46          DSP48E1 (Prop_dsp48e1_A[10]_P[0])
                                                      4.045     8.612 f  exaggerated_delta/P[0]
                         net (fo=4, routed)           1.182     9.793    exaggerated_delta__0[0]
    SLICE_X13Y112        LUT1 (Prop_lut1_I0_O)        0.124     9.917 r  one_sec_pulse_i_144/O
                         net (fo=1, routed)           0.189    10.107    one_sec_pulse_i_144_n_0
    SLICE_X12Y112        CARRY4 (Prop_carry4_CYINIT_CO[3])
                                                      0.595    10.702 r  one_sec_pulse_reg_i_137/CO[3]
                         net (fo=1, routed)           0.000    10.702    one_sec_pulse_reg_i_137_n_0
    SLICE_X12Y113        CARRY4 (Prop_carry4_CI_CO[3])
                                                      0.117    10.819 r  one_sec_pulse_reg_i_132/CO[3]
                         net (fo=1, routed)           0.000    10.819    one_sec_pulse_reg_i_132_n_0
    SLICE_X12Y114        CARRY4 (Prop_carry4_CI_O[0])
                                                      0.219    11.038 f  one_sec_pulse_reg_i_109/O[0]
                         net (fo=3, routed)           0.889    11.926    raw_terminal0[9]
    SLICE_X13Y114        LUT6 (Prop_lut6_I3_O)        0.295    12.221 r  one_sec_pulse_i_114/O
                         net (fo=1, routed)           0.812    13.034    one_sec_pulse_i_114_n_0
    SLICE_X13Y115        LUT3 (Prop_lut3_I2_O)        0.124    13.158 r  one_sec_pulse_i_81/O
                         net (fo=2, routed)           0.678    13.835    one_sec_pulse_i_81_n_0
    SLICE_X13Y115        LUT6 (Prop_lut6_I3_O)        0.124    13.959 r  one_sec_pulse_i_44/O
                         net (fo=49, routed)          1.387    15.346    one_sec_pulse_i_44_n_0
    SLICE_X10Y112        LUT6 (Prop_lut6_I4_O)        0.124    15.470 r  one_sec_pulse_i_127/O
                         net (fo=1, routed)           0.804    16.275    one_sec_pulse_i_127_n_0
    SLICE_X9Y112         CARRY4 (Prop_carry4_S[0]_CO[3])
                                                      0.656    16.931 r  one_sec_pulse_reg_i_87/CO[3]
                         net (fo=1, routed)           0.000    16.931    one_sec_pulse_reg_i_87_n_0
    SLICE_X9Y113         CARRY4 (Prop_carry4_CI_CO[3])
                                                      0.114    17.045 r  one_sec_pulse_reg_i_58/CO[3]
                         net (fo=1, routed)           0.000    17.045    one_sec_pulse_reg_i_58_n_0
    SLICE_X9Y114         CARRY4 (Prop_carry4_CI_CO[3])
                                                      0.114    17.159 r  one_sec_pulse_reg_i_57/CO[3]
                         net (fo=1, routed)           0.000    17.159    one_sec_pulse_reg_i_57_n_0
    SLICE_X9Y115         CARRY4 (Prop_carry4_CI_CO[3])
                                                      0.114    17.273 r  one_sec_pulse_reg_i_34/CO[3]
                         net (fo=1, routed)           0.000    17.273    one_sec_pulse_reg_i_34_n_0
    SLICE_X9Y116         CARRY4 (Prop_carry4_CI_CO[3])
                                                      0.114    17.387 r  one_sec_pulse_reg_i_33/CO[3]
                         net (fo=1, routed)           0.000    17.387    one_sec_pulse_reg_i_33_n_0
    SLICE_X9Y117         CARRY4 (Prop_carry4_CI_CO[3])
                                                      0.114    17.501 r  one_sec_pulse_reg_i_17/CO[3]
                         net (fo=1, routed)           0.000    17.501    one_sec_pulse_reg_i_17_n_0
    SLICE_X9Y118         CARRY4 (Prop_carry4_CI_O[0])
                                                      0.222    17.723 r  one_sec_pulse_reg_i_5/O[0]
                         net (fo=2, routed)           0.995    18.718    cycle_counter1[25]
    SLICE_X8Y116         LUT4 (Prop_lut4_I0_O)        0.299    19.017 r  one_sec_pulse_i_7/O
                         net (fo=1, routed)           0.000    19.017    one_sec_pulse_i_7_n_0
    SLICE_X8Y116         CARRY4 (Prop_carry4_S[0]_CO[3])
                                                      0.513    19.530 r  one_sec_pulse_reg_i_1/CO[3]
                         net (fo=2, routed)           0.992    20.522    one_sec_pulse_reg_i_1_n_0
    SLICE_X6Y116         LUT2 (Prop_lut2_I0_O)        0.124    20.646 r  cycle_counter[0]_i_1/O
                         net (fo=28, routed)          1.069    21.715    cycle_counter[0]_i_1_n_0
    SLICE_X7Y112         FDRE                                         r  cycle_counter_reg[5]/R
  -------------------------------------------------------------------    -------------------

Slack:                    inf
  Source:                 active_corrected_reg[9]/C
                            (rising edge-triggered cell FDRE)
  Destination:            cycle_counter_reg[6]/R
  Path Group:             (none)
  Path Type:              Max at Slow Process Corner
  Data Path Delay:        21.715ns  (logic 10.034ns (46.208%)  route 11.681ns (53.792%))
  Logic Levels:           25  (CARRY4=14 DSP48E1=1 FDRE=1 LUT1=2 LUT2=2 LUT3=1 LUT4=1 LUT6=3)

    Location             Delay type                Incr(ns)  Path(ns)    Netlist Resource(s)
  -------------------------------------------------------------------    -------------------
    SLICE_X12Y118        FDRE                         0.000     0.000 r  active_corrected_reg[9]/C
    SLICE_X12Y118        FDRE (Prop_fdre_C_Q)         0.518     0.518 f  active_corrected_reg[9]/Q
                         net (fo=3, routed)           0.897     1.415    active_corrected[9]
    SLICE_X14Y115        LUT1 (Prop_lut1_I0_O)        0.124     1.539 r  exaggerated_delta_i_33/O
                         net (fo=1, routed)           0.398     1.937    p_0_in[1]
    SLICE_X15Y115        CARRY4 (Prop_carry4_CYINIT_CO[3])
                                                      0.580     2.517 r  exaggerated_delta_i_20/CO[3]
                         net (fo=1, routed)           0.000     2.517    exaggerated_delta_i_20_n_0
    SLICE_X15Y116        CARRY4 (Prop_carry4_CI_CO[3])
                                                      0.114     2.631 r  exaggerated_delta_i_19/CO[3]
                         net (fo=1, routed)           0.000     2.631    exaggerated_delta_i_19_n_0
    SLICE_X15Y117        CARRY4 (Prop_carry4_CI_O[0])
                                                      0.222     2.853 r  exaggerated_delta_i_18/O[0]
                         net (fo=1, routed)           0.834     3.687    delta_per_sec0[10]
    SLICE_X14Y116        LUT2 (Prop_lut2_I1_O)        0.325     4.012 r  exaggerated_delta_i_6/O
                         net (fo=1, routed)           0.555     4.567    exaggerated_delta_i_6_n_0
    DSP48_X0Y46          DSP48E1 (Prop_dsp48e1_A[10]_P[0])
                                                      4.045     8.612 f  exaggerated_delta/P[0]
                         net (fo=4, routed)           1.182     9.793    exaggerated_delta__0[0]
    SLICE_X13Y112        LUT1 (Prop_lut1_I0_O)        0.124     9.917 r  one_sec_pulse_i_144/O
                         net (fo=1, routed)           0.189    10.107    one_sec_pulse_i_144_n_0
    SLICE_X12Y112        CARRY4 (Prop_carry4_CYINIT_CO[3])
                                                      0.595    10.702 r  one_sec_pulse_reg_i_137/CO[3]
                         net (fo=1, routed)           0.000    10.702    one_sec_pulse_reg_i_137_n_0
    SLICE_X12Y113        CARRY4 (Prop_carry4_CI_CO[3])
                                                      0.117    10.819 r  one_sec_pulse_reg_i_132/CO[3]
                         net (fo=1, routed)           0.000    10.819    one_sec_pulse_reg_i_132_n_0
    SLICE_X12Y114        CARRY4 (Prop_carry4_CI_O[0])
                                                      0.219    11.038 f  one_sec_pulse_reg_i_109/O[0]
                         net (fo=3, routed)           0.889    11.926    raw_terminal0[9]
    SLICE_X13Y114        LUT6 (Prop_lut6_I3_O)        0.295    12.221 r  one_sec_pulse_i_114/O
                         net (fo=1, routed)           0.812    13.034    one_sec_pulse_i_114_n_0
    SLICE_X13Y115        LUT3 (Prop_lut3_I2_O)        0.124    13.158 r  one_sec_pulse_i_81/O
                         net (fo=2, routed)           0.678    13.835    one_sec_pulse_i_81_n_0
    SLICE_X13Y115        LUT6 (Prop_lut6_I3_O)        0.124    13.959 r  one_sec_pulse_i_44/O
                         net (fo=49, routed)          1.387    15.346    one_sec_pulse_i_44_n_0
    SLICE_X10Y112        LUT6 (Prop_lut6_I4_O)        0.124    15.470 r  one_sec_pulse_i_127/O
                         net (fo=1, routed)           0.804    16.275    one_sec_pulse_i_127_n_0
    SLICE_X9Y112         CARRY4 (Prop_carry4_S[0]_CO[3])
                                                      0.656    16.931 r  one_sec_pulse_reg_i_87/CO[3]
                         net (fo=1, routed)           0.000    16.931    one_sec_pulse_reg_i_87_n_0
    SLICE_X9Y113         CARRY4 (Prop_carry4_CI_CO[3])
                                                      0.114    17.045 r  one_sec_pulse_reg_i_58/CO[3]
                         net (fo=1, routed)           0.000    17.045    one_sec_pulse_reg_i_58_n_0
    SLICE_X9Y114         CARRY4 (Prop_carry4_CI_CO[3])
                                                      0.114    17.159 r  one_sec_pulse_reg_i_57/CO[3]
                         net (fo=1, routed)           0.000    17.159    one_sec_pulse_reg_i_57_n_0
    SLICE_X9Y115         CARRY4 (Prop_carry4_CI_CO[3])
                                                      0.114    17.273 r  one_sec_pulse_reg_i_34/CO[3]
                         net (fo=1, routed)           0.000    17.273    one_sec_pulse_reg_i_34_n_0
    SLICE_X9Y116         CARRY4 (Prop_carry4_CI_CO[3])
                                                      0.114    17.387 r  one_sec_pulse_reg_i_33/CO[3]
                         net (fo=1, routed)           0.000    17.387    one_sec_pulse_reg_i_33_n_0
    SLICE_X9Y117         CARRY4 (Prop_carry4_CI_CO[3])
                                                      0.114    17.501 r  one_sec_pulse_reg_i_17/CO[3]
                         net (fo=1, routed)           0.000    17.501    one_sec_pulse_reg_i_17_n_0
    SLICE_X9Y118         CARRY4 (Prop_carry4_CI_O[0])
                                                      0.222    17.723 r  one_sec_pulse_reg_i_5/O[0]
                         net (fo=2, routed)           0.995    18.718    cycle_counter1[25]
    SLICE_X8Y116         LUT4 (Prop_lut4_I0_O)        0.299    19.017 r  one_sec_pulse_i_7/O
                         net (fo=1, routed)           0.000    19.017    one_sec_pulse_i_7_n_0
    SLICE_X8Y116         CARRY4 (Prop_carry4_S[0]_CO[3])
                                                      0.513    19.530 r  one_sec_pulse_reg_i_1/CO[3]
                         net (fo=2, routed)           0.992    20.522    one_sec_pulse_reg_i_1_n_0
    SLICE_X6Y116         LUT2 (Prop_lut2_I0_O)        0.124    20.646 r  cycle_counter[0]_i_1/O
                         net (fo=28, routed)          1.069    21.715    cycle_counter[0]_i_1_n_0
    SLICE_X7Y112         FDRE                                         r  cycle_counter_reg[6]/R
  -------------------------------------------------------------------    -------------------

Slack:                    inf
  Source:                 active_corrected_reg[9]/C
                            (rising edge-triggered cell FDRE)
  Destination:            cycle_counter_reg[7]/R
  Path Group:             (none)
  Path Type:              Max at Slow Process Corner
  Data Path Delay:        21.715ns  (logic 10.034ns (46.208%)  route 11.681ns (53.792%))
  Logic Levels:           25  (CARRY4=14 DSP48E1=1 FDRE=1 LUT1=2 LUT2=2 LUT3=1 LUT4=1 LUT6=3)

    Location             Delay type                Incr(ns)  Path(ns)    Netlist Resource(s)
  -------------------------------------------------------------------    -------------------
    SLICE_X12Y118        FDRE                         0.000     0.000 r  active_corrected_reg[9]/C
    SLICE_X12Y118        FDRE (Prop_fdre_C_Q)         0.518     0.518 f  active_corrected_reg[9]/Q
                         net (fo=3, routed)           0.897     1.415    active_corrected[9]
    SLICE_X14Y115        LUT1 (Prop_lut1_I0_O)        0.124     1.539 r  exaggerated_delta_i_33/O
                         net (fo=1, routed)           0.398     1.937    p_0_in[1]
    SLICE_X15Y115        CARRY4 (Prop_carry4_CYINIT_CO[3])
                                                      0.580     2.517 r  exaggerated_delta_i_20/CO[3]
                         net (fo=1, routed)           0.000     2.517    exaggerated_delta_i_20_n_0
    SLICE_X15Y116        CARRY4 (Prop_carry4_CI_CO[3])
                                                      0.114     2.631 r  exaggerated_delta_i_19/CO[3]
                         net (fo=1, routed)           0.000     2.631    exaggerated_delta_i_19_n_0
    SLICE_X15Y117        CARRY4 (Prop_carry4_CI_O[0])
                                                      0.222     2.853 r  exaggerated_delta_i_18/O[0]
                         net (fo=1, routed)           0.834     3.687    delta_per_sec0[10]
    SLICE_X14Y116        LUT2 (Prop_lut2_I1_O)        0.325     4.012 r  exaggerated_delta_i_6/O
                         net (fo=1, routed)           0.555     4.567    exaggerated_delta_i_6_n_0
    DSP48_X0Y46          DSP48E1 (Prop_dsp48e1_A[10]_P[0])
                                                      4.045     8.612 f  exaggerated_delta/P[0]
                         net (fo=4, routed)           1.182     9.793    exaggerated_delta__0[0]
    SLICE_X13Y112        LUT1 (Prop_lut1_I0_O)        0.124     9.917 r  one_sec_pulse_i_144/O
                         net (fo=1, routed)           0.189    10.107    one_sec_pulse_i_144_n_0
    SLICE_X12Y112        CARRY4 (Prop_carry4_CYINIT_CO[3])
                                                      0.595    10.702 r  one_sec_pulse_reg_i_137/CO[3]
                         net (fo=1, routed)           0.000    10.702    one_sec_pulse_reg_i_137_n_0
    SLICE_X12Y113        CARRY4 (Prop_carry4_CI_CO[3])
                                                      0.117    10.819 r  one_sec_pulse_reg_i_132/CO[3]
                         net (fo=1, routed)           0.000    10.819    one_sec_pulse_reg_i_132_n_0
    SLICE_X12Y114        CARRY4 (Prop_carry4_CI_O[0])
                                                      0.219    11.038 f  one_sec_pulse_reg_i_109/O[0]
                         net (fo=3, routed)           0.889    11.926    raw_terminal0[9]
    SLICE_X13Y114        LUT6 (Prop_lut6_I3_O)        0.295    12.221 r  one_sec_pulse_i_114/O
                         net (fo=1, routed)           0.812    13.034    one_sec_pulse_i_114_n_0
    SLICE_X13Y115        LUT3 (Prop_lut3_I2_O)        0.124    13.158 r  one_sec_pulse_i_81/O
                         net (fo=2, routed)           0.678    13.835    one_sec_pulse_i_81_n_0
    SLICE_X13Y115        LUT6 (Prop_lut6_I3_O)        0.124    13.959 r  one_sec_pulse_i_44/O
                         net (fo=49, routed)          1.387    15.346    one_sec_pulse_i_44_n_0
    SLICE_X10Y112        LUT6 (Prop_lut6_I4_O)        0.124    15.470 r  one_sec_pulse_i_127/O
                         net (fo=1, routed)           0.804    16.275    one_sec_pulse_i_127_n_0
    SLICE_X9Y112         CARRY4 (Prop_carry4_S[0]_CO[3])
                                                      0.656    16.931 r  one_sec_pulse_reg_i_87/CO[3]
                         net (fo=1, routed)           0.000    16.931    one_sec_pulse_reg_i_87_n_0
    SLICE_X9Y113         CARRY4 (Prop_carry4_CI_CO[3])
                                                      0.114    17.045 r  one_sec_pulse_reg_i_58/CO[3]
                         net (fo=1, routed)           0.000    17.045    one_sec_pulse_reg_i_58_n_0
    SLICE_X9Y114         CARRY4 (Prop_carry4_CI_CO[3])
                                                      0.114    17.159 r  one_sec_pulse_reg_i_57/CO[3]
                         net (fo=1, routed)           0.000    17.159    one_sec_pulse_reg_i_57_n_0
    SLICE_X9Y115         CARRY4 (Prop_carry4_CI_CO[3])
                                                      0.114    17.273 r  one_sec_pulse_reg_i_34/CO[3]
                         net (fo=1, routed)           0.000    17.273    one_sec_pulse_reg_i_34_n_0
    SLICE_X9Y116         CARRY4 (Prop_carry4_CI_CO[3])
                                                      0.114    17.387 r  one_sec_pulse_reg_i_33/CO[3]
                         net (fo=1, routed)           0.000    17.387    one_sec_pulse_reg_i_33_n_0
    SLICE_X9Y117         CARRY4 (Prop_carry4_CI_CO[3])
                                                      0.114    17.501 r  one_sec_pulse_reg_i_17/CO[3]
                         net (fo=1, routed)           0.000    17.501    one_sec_pulse_reg_i_17_n_0
    SLICE_X9Y118         CARRY4 (Prop_carry4_CI_O[0])
                                                      0.222    17.723 r  one_sec_pulse_reg_i_5/O[0]
                         net (fo=2, routed)           0.995    18.718    cycle_counter1[25]
    SLICE_X8Y116         LUT4 (Prop_lut4_I0_O)        0.299    19.017 r  one_sec_pulse_i_7/O
                         net (fo=1, routed)           0.000    19.017    one_sec_pulse_i_7_n_0
    SLICE_X8Y116         CARRY4 (Prop_carry4_S[0]_CO[3])
                                                      0.513    19.530 r  one_sec_pulse_reg_i_1/CO[3]
                         net (fo=2, routed)           0.992    20.522    one_sec_pulse_reg_i_1_n_0
    SLICE_X6Y116         LUT2 (Prop_lut2_I0_O)        0.124    20.646 r  cycle_counter[0]_i_1/O
                         net (fo=28, routed)          1.069    21.715    cycle_counter[0]_i_1_n_0
    SLICE_X7Y112         FDRE                                         r  cycle_counter_reg[7]/R
  -------------------------------------------------------------------    -------------------

Slack:                    inf
  Source:                 active_corrected_reg[9]/C
                            (rising edge-triggered cell FDRE)
  Destination:            cycle_counter_reg[10]/R
  Path Group:             (none)
  Path Type:              Max at Slow Process Corner
  Data Path Delay:        21.564ns  (logic 10.034ns (46.531%)  route 11.530ns (53.469%))
  Logic Levels:           25  (CARRY4=14 DSP48E1=1 FDRE=1 LUT1=2 LUT2=2 LUT3=1 LUT4=1 LUT6=3)

    Location             Delay type                Incr(ns)  Path(ns)    Netlist Resource(s)
  -------------------------------------------------------------------    -------------------
    SLICE_X12Y118        FDRE                         0.000     0.000 r  active_corrected_reg[9]/C
    SLICE_X12Y118        FDRE (Prop_fdre_C_Q)         0.518     0.518 f  active_corrected_reg[9]/Q
                         net (fo=3, routed)           0.897     1.415    active_corrected[9]
    SLICE_X14Y115        LUT1 (Prop_lut1_I0_O)        0.124     1.539 r  exaggerated_delta_i_33/O
                         net (fo=1, routed)           0.398     1.937    p_0_in[1]
    SLICE_X15Y115        CARRY4 (Prop_carry4_CYINIT_CO[3])
                                                      0.580     2.517 r  exaggerated_delta_i_20/CO[3]
                         net (fo=1, routed)           0.000     2.517    exaggerated_delta_i_20_n_0
    SLICE_X15Y116        CARRY4 (Prop_carry4_CI_CO[3])
                                                      0.114     2.631 r  exaggerated_delta_i_19/CO[3]
                         net (fo=1, routed)           0.000     2.631    exaggerated_delta_i_19_n_0
    SLICE_X15Y117        CARRY4 (Prop_carry4_CI_O[0])
                                                      0.222     2.853 r  exaggerated_delta_i_18/O[0]
                         net (fo=1, routed)           0.834     3.687    delta_per_sec0[10]
    SLICE_X14Y116        LUT2 (Prop_lut2_I1_O)        0.325     4.012 r  exaggerated_delta_i_6/O
                         net (fo=1, routed)           0.555     4.567    exaggerated_delta_i_6_n_0
    DSP48_X0Y46          DSP48E1 (Prop_dsp48e1_A[10]_P[0])
                                                      4.045     8.612 f  exaggerated_delta/P[0]
                         net (fo=4, routed)           1.182     9.793    exaggerated_delta__0[0]
    SLICE_X13Y112        LUT1 (Prop_lut1_I0_O)        0.124     9.917 r  one_sec_pulse_i_144/O
                         net (fo=1, routed)           0.189    10.107    one_sec_pulse_i_144_n_0
    SLICE_X12Y112        CARRY4 (Prop_carry4_CYINIT_CO[3])
                                                      0.595    10.702 r  one_sec_pulse_reg_i_137/CO[3]
                         net (fo=1, routed)           0.000    10.702    one_sec_pulse_reg_i_137_n_0
    SLICE_X12Y113        CARRY4 (Prop_carry4_CI_CO[3])
                                                      0.117    10.819 r  one_sec_pulse_reg_i_132/CO[3]
                         net (fo=1, routed)           0.000    10.819    one_sec_pulse_reg_i_132_n_0
    SLICE_X12Y114        CARRY4 (Prop_carry4_CI_O[0])
                                                      0.219    11.038 f  one_sec_pulse_reg_i_109/O[0]
                         net (fo=3, routed)           0.889    11.926    raw_terminal0[9]
    SLICE_X13Y114        LUT6 (Prop_lut6_I3_O)        0.295    12.221 r  one_sec_pulse_i_114/O
                         net (fo=1, routed)           0.812    13.034    one_sec_pulse_i_114_n_0
    SLICE_X13Y115        LUT3 (Prop_lut3_I2_O)        0.124    13.158 r  one_sec_pulse_i_81/O
                         net (fo=2, routed)           0.678    13.835    one_sec_pulse_i_81_n_0
    SLICE_X13Y115        LUT6 (Prop_lut6_I3_O)        0.124    13.959 r  one_sec_pulse_i_44/O
                         net (fo=49, routed)          1.387    15.346    one_sec_pulse_i_44_n_0
    SLICE_X10Y112        LUT6 (Prop_lut6_I4_O)        0.124    15.470 r  one_sec_pulse_i_127/O
                         net (fo=1, routed)           0.804    16.275    one_sec_pulse_i_127_n_0
    SLICE_X9Y112         CARRY4 (Prop_carry4_S[0]_CO[3])
                                                      0.656    16.931 r  one_sec_pulse_reg_i_87/CO[3]
                         net (fo=1, routed)           0.000    16.931    one_sec_pulse_reg_i_87_n_0
    SLICE_X9Y113         CARRY4 (Prop_carry4_CI_CO[3])
                                                      0.114    17.045 r  one_sec_pulse_reg_i_58/CO[3]
                         net (fo=1, routed)           0.000    17.045    one_sec_pulse_reg_i_58_n_0
    SLICE_X9Y114         CARRY4 (Prop_carry4_CI_CO[3])
                                                      0.114    17.159 r  one_sec_pulse_reg_i_57/CO[3]
                         net (fo=1, routed)           0.000    17.159    one_sec_pulse_reg_i_57_n_0
    SLICE_X9Y115         CARRY4 (Prop_carry4_CI_CO[3])
                                                      0.114    17.273 r  one_sec_pulse_reg_i_34/CO[3]
                         net (fo=1, routed)           0.000    17.273    one_sec_pulse_reg_i_34_n_0
    SLICE_X9Y116         CARRY4 (Prop_carry4_CI_CO[3])
                                                      0.114    17.387 r  one_sec_pulse_reg_i_33/CO[3]
                         net (fo=1, routed)           0.000    17.387    one_sec_pulse_reg_i_33_n_0
    SLICE_X9Y117         CARRY4 (Prop_carry4_CI_CO[3])
                                                      0.114    17.501 r  one_sec_pulse_reg_i_17/CO[3]
                         net (fo=1, routed)           0.000    17.501    one_sec_pulse_reg_i_17_n_0
    SLICE_X9Y118         CARRY4 (Prop_carry4_CI_O[0])
                                                      0.222    17.723 r  one_sec_pulse_reg_i_5/O[0]
                         net (fo=2, routed)           0.995    18.718    cycle_counter1[25]
    SLICE_X8Y116         LUT4 (Prop_lut4_I0_O)        0.299    19.017 r  one_sec_pulse_i_7/O
                         net (fo=1, routed)           0.000    19.017    one_sec_pulse_i_7_n_0
    SLICE_X8Y116         CARRY4 (Prop_carry4_S[0]_CO[3])
                                                      0.513    19.530 r  one_sec_pulse_reg_i_1/CO[3]
                         net (fo=2, routed)           0.992    20.522    one_sec_pulse_reg_i_1_n_0
    SLICE_X6Y116         LUT2 (Prop_lut2_I0_O)        0.124    20.646 r  cycle_counter[0]_i_1/O
                         net (fo=28, routed)          0.918    21.564    cycle_counter[0]_i_1_n_0
    SLICE_X7Y113         FDRE                                         r  cycle_counter_reg[10]/R
  -------------------------------------------------------------------    -------------------

Slack:                    inf
  Source:                 active_corrected_reg[9]/C
                            (rising edge-triggered cell FDRE)
  Destination:            cycle_counter_reg[11]/R
  Path Group:             (none)
  Path Type:              Max at Slow Process Corner
  Data Path Delay:        21.564ns  (logic 10.034ns (46.531%)  route 11.530ns (53.469%))
  Logic Levels:           25  (CARRY4=14 DSP48E1=1 FDRE=1 LUT1=2 LUT2=2 LUT3=1 LUT4=1 LUT6=3)

    Location             Delay type                Incr(ns)  Path(ns)    Netlist Resource(s)
  -------------------------------------------------------------------    -------------------
    SLICE_X12Y118        FDRE                         0.000     0.000 r  active_corrected_reg[9]/C
    SLICE_X12Y118        FDRE (Prop_fdre_C_Q)         0.518     0.518 f  active_corrected_reg[9]/Q
                         net (fo=3, routed)           0.897     1.415    active_corrected[9]
    SLICE_X14Y115        LUT1 (Prop_lut1_I0_O)        0.124     1.539 r  exaggerated_delta_i_33/O
                         net (fo=1, routed)           0.398     1.937    p_0_in[1]
    SLICE_X15Y115        CARRY4 (Prop_carry4_CYINIT_CO[3])
                                                      0.580     2.517 r  exaggerated_delta_i_20/CO[3]
                         net (fo=1, routed)           0.000     2.517    exaggerated_delta_i_20_n_0
    SLICE_X15Y116        CARRY4 (Prop_carry4_CI_CO[3])
                                                      0.114     2.631 r  exaggerated_delta_i_19/CO[3]
                         net (fo=1, routed)           0.000     2.631    exaggerated_delta_i_19_n_0
    SLICE_X15Y117        CARRY4 (Prop_carry4_CI_O[0])
                                                      0.222     2.853 r  exaggerated_delta_i_18/O[0]
                         net (fo=1, routed)           0.834     3.687    delta_per_sec0[10]
    SLICE_X14Y116        LUT2 (Prop_lut2_I1_O)        0.325     4.012 r  exaggerated_delta_i_6/O
                         net (fo=1, routed)           0.555     4.567    exaggerated_delta_i_6_n_0
    DSP48_X0Y46          DSP48E1 (Prop_dsp48e1_A[10]_P[0])
                                                      4.045     8.612 f  exaggerated_delta/P[0]
                         net (fo=4, routed)           1.182     9.793    exaggerated_delta__0[0]
    SLICE_X13Y112        LUT1 (Prop_lut1_I0_O)        0.124     9.917 r  one_sec_pulse_i_144/O
                         net (fo=1, routed)           0.189    10.107    one_sec_pulse_i_144_n_0
    SLICE_X12Y112        CARRY4 (Prop_carry4_CYINIT_CO[3])
                                                      0.595    10.702 r  one_sec_pulse_reg_i_137/CO[3]
                         net (fo=1, routed)           0.000    10.702    one_sec_pulse_reg_i_137_n_0
    SLICE_X12Y113        CARRY4 (Prop_carry4_CI_CO[3])
                                                      0.117    10.819 r  one_sec_pulse_reg_i_132/CO[3]
                         net (fo=1, routed)           0.000    10.819    one_sec_pulse_reg_i_132_n_0
    SLICE_X12Y114        CARRY4 (Prop_carry4_CI_O[0])
                                                      0.219    11.038 f  one_sec_pulse_reg_i_109/O[0]
                         net (fo=3, routed)           0.889    11.926    raw_terminal0[9]
    SLICE_X13Y114        LUT6 (Prop_lut6_I3_O)        0.295    12.221 r  one_sec_pulse_i_114/O
                         net (fo=1, routed)           0.812    13.034    one_sec_pulse_i_114_n_0
    SLICE_X13Y115        LUT3 (Prop_lut3_I2_O)        0.124    13.158 r  one_sec_pulse_i_81/O
                         net (fo=2, routed)           0.678    13.835    one_sec_pulse_i_81_n_0
    SLICE_X13Y115        LUT6 (Prop_lut6_I3_O)        0.124    13.959 r  one_sec_pulse_i_44/O
                         net (fo=49, routed)          1.387    15.346    one_sec_pulse_i_44_n_0
    SLICE_X10Y112        LUT6 (Prop_lut6_I4_O)        0.124    15.470 r  one_sec_pulse_i_127/O
                         net (fo=1, routed)           0.804    16.275    one_sec_pulse_i_127_n_0
    SLICE_X9Y112         CARRY4 (Prop_carry4_S[0]_CO[3])
                                                      0.656    16.931 r  one_sec_pulse_reg_i_87/CO[3]
                         net (fo=1, routed)           0.000    16.931    one_sec_pulse_reg_i_87_n_0
    SLICE_X9Y113         CARRY4 (Prop_carry4_CI_CO[3])
                                                      0.114    17.045 r  one_sec_pulse_reg_i_58/CO[3]
                         net (fo=1, routed)           0.000    17.045    one_sec_pulse_reg_i_58_n_0
    SLICE_X9Y114         CARRY4 (Prop_carry4_CI_CO[3])
                                                      0.114    17.159 r  one_sec_pulse_reg_i_57/CO[3]
                         net (fo=1, routed)           0.000    17.159    one_sec_pulse_reg_i_57_n_0
    SLICE_X9Y115         CARRY4 (Prop_carry4_CI_CO[3])
                                                      0.114    17.273 r  one_sec_pulse_reg_i_34/CO[3]
                         net (fo=1, routed)           0.000    17.273    one_sec_pulse_reg_i_34_n_0
    SLICE_X9Y116         CARRY4 (Prop_carry4_CI_CO[3])
                                                      0.114    17.387 r  one_sec_pulse_reg_i_33/CO[3]
                         net (fo=1, routed)           0.000    17.387    one_sec_pulse_reg_i_33_n_0
    SLICE_X9Y117         CARRY4 (Prop_carry4_CI_CO[3])
                                                      0.114    17.501 r  one_sec_pulse_reg_i_17/CO[3]
                         net (fo=1, routed)           0.000    17.501    one_sec_pulse_reg_i_17_n_0
    SLICE_X9Y118         CARRY4 (Prop_carry4_CI_O[0])
                                                      0.222    17.723 r  one_sec_pulse_reg_i_5/O[0]
                         net (fo=2, routed)           0.995    18.718    cycle_counter1[25]
    SLICE_X8Y116         LUT4 (Prop_lut4_I0_O)        0.299    19.017 r  one_sec_pulse_i_7/O
                         net (fo=1, routed)           0.000    19.017    one_sec_pulse_i_7_n_0
    SLICE_X8Y116         CARRY4 (Prop_carry4_S[0]_CO[3])
                                                      0.513    19.530 r  one_sec_pulse_reg_i_1/CO[3]
                         net (fo=2, routed)           0.992    20.522    one_sec_pulse_reg_i_1_n_0
    SLICE_X6Y116         LUT2 (Prop_lut2_I0_O)        0.124    20.646 r  cycle_counter[0]_i_1/O
                         net (fo=28, routed)          0.918    21.564    cycle_counter[0]_i_1_n_0
    SLICE_X7Y113         FDRE                                         r  cycle_counter_reg[11]/R
  -------------------------------------------------------------------    -------------------





Min Delay Paths
--------------------------------------------------------------------------------------
Slack:                    inf
  Source:                 set_state_reg[0]/C
                            (rising edge-triggered cell FDRE)
  Destination:            set_state_reg[1]/D
  Path Group:             (none)
  Path Type:              Min at Fast Process Corner
  Data Path Delay:        0.230ns  (logic 0.141ns (61.402%)  route 0.089ns (38.598%))
  Logic Levels:           1  (FDRE=1)

    Location             Delay type                Incr(ns)  Path(ns)    Netlist Resource(s)
  -------------------------------------------------------------------    -------------------
    SLICE_X0Y110         FDRE                         0.000     0.000 r  set_state_reg[0]/C
    SLICE_X0Y110         FDRE (Prop_fdre_C_Q)         0.141     0.141 r  set_state_reg[0]/Q
                         net (fo=3, routed)           0.089     0.230    LED_OBUF[8]
    SLICE_X0Y110         FDRE                                         r  set_state_reg[1]/D
  -------------------------------------------------------------------    -------------------

Slack:                    inf
  Source:                 u_lut/corrected_count_reg[19]/C
                            (rising edge-triggered cell FDRE)
  Destination:            active_corrected_reg[19]/D
  Path Group:             (none)
  Path Type:              Min at Fast Process Corner
  Data Path Delay:        0.251ns  (logic 0.141ns (56.174%)  route 0.110ns (43.826%))
  Logic Levels:           1  (FDRE=1)

    Location             Delay type                Incr(ns)  Path(ns)    Netlist Resource(s)
  -------------------------------------------------------------------    -------------------
    SLICE_X13Y119        FDRE                         0.000     0.000 r  u_lut/corrected_count_reg[19]/C
    SLICE_X13Y119        FDRE (Prop_fdre_C_Q)         0.141     0.141 r  u_lut/corrected_count_reg[19]/Q
                         net (fo=1, routed)           0.110     0.251    corrected_count_raw[19]
    SLICE_X13Y118        FDRE                                         r  active_corrected_reg[19]/D
  -------------------------------------------------------------------    -------------------

Slack:                    inf
  Source:                 u_lut/corrected_count_reg[22]/C
                            (rising edge-triggered cell FDRE)
  Destination:            active_corrected_reg[22]/D
  Path Group:             (none)
  Path Type:              Min at Fast Process Corner
  Data Path Delay:        0.251ns  (logic 0.141ns (56.174%)  route 0.110ns (43.826%))
  Logic Levels:           1  (FDRE=1)

    Location             Delay type                Incr(ns)  Path(ns)    Netlist Resource(s)
  -------------------------------------------------------------------    -------------------
    SLICE_X13Y119        FDRE                         0.000     0.000 r  u_lut/corrected_count_reg[22]/C
    SLICE_X13Y119        FDRE (Prop_fdre_C_Q)         0.141     0.141 r  u_lut/corrected_count_reg[22]/Q
                         net (fo=1, routed)           0.110     0.251    corrected_count_raw[22]
    SLICE_X13Y118        FDSE                                         r  active_corrected_reg[22]/D
  -------------------------------------------------------------------    -------------------

Slack:                    inf
  Source:                 u_lut/corrected_count_reg[18]/C
                            (rising edge-triggered cell FDRE)
  Destination:            active_corrected_reg[18]/D
  Path Group:             (none)
  Path Type:              Min at Fast Process Corner
  Data Path Delay:        0.257ns  (logic 0.141ns (54.812%)  route 0.116ns (45.188%))
  Logic Levels:           1  (FDRE=1)

    Location             Delay type                Incr(ns)  Path(ns)    Netlist Resource(s)
  -------------------------------------------------------------------    -------------------
    SLICE_X13Y120        FDRE                         0.000     0.000 r  u_lut/corrected_count_reg[18]/C
    SLICE_X13Y120        FDRE (Prop_fdre_C_Q)         0.141     0.141 r  u_lut/corrected_count_reg[18]/Q
                         net (fo=1, routed)           0.116     0.257    corrected_count_raw[18]
    SLICE_X13Y118        FDRE                                         r  active_corrected_reg[18]/D
  -------------------------------------------------------------------    -------------------

Slack:                    inf
  Source:                 u_lut/corrected_count_reg[17]/C
                            (rising edge-triggered cell FDRE)
  Destination:            active_corrected_reg[17]/D
  Path Group:             (none)
  Path Type:              Min at Fast Process Corner
  Data Path Delay:        0.274ns  (logic 0.164ns (59.853%)  route 0.110ns (40.147%))
  Logic Levels:           1  (FDRE=1)

    Location             Delay type                Incr(ns)  Path(ns)    Netlist Resource(s)
  -------------------------------------------------------------------    -------------------
    SLICE_X14Y120        FDRE                         0.000     0.000 r  u_lut/corrected_count_reg[17]/C
    SLICE_X14Y120        FDRE (Prop_fdre_C_Q)         0.164     0.164 r  u_lut/corrected_count_reg[17]/Q
                         net (fo=1, routed)           0.110     0.274    corrected_count_raw[17]
    SLICE_X14Y119        FDRE                                         r  active_corrected_reg[17]/D
  -------------------------------------------------------------------    -------------------

Slack:                    inf
  Source:                 u_lut/corrected_count_reg[15]/C
                            (rising edge-triggered cell FDRE)
  Destination:            active_corrected_reg[15]/D
  Path Group:             (none)
  Path Type:              Min at Fast Process Corner
  Data Path Delay:        0.284ns  (logic 0.141ns (49.624%)  route 0.143ns (50.376%))
  Logic Levels:           1  (FDRE=1)

    Location             Delay type                Incr(ns)  Path(ns)    Netlist Resource(s)
  -------------------------------------------------------------------    -------------------
    SLICE_X13Y119        FDRE                         0.000     0.000 r  u_lut/corrected_count_reg[15]/C
    SLICE_X13Y119        FDRE (Prop_fdre_C_Q)         0.141     0.141 r  u_lut/corrected_count_reg[15]/Q
                         net (fo=1, routed)           0.143     0.284    corrected_count_raw[15]
    SLICE_X13Y118        FDRE                                         r  active_corrected_reg[15]/D
  -------------------------------------------------------------------    -------------------

Slack:                    inf
  Source:                 u_xadc/xadc_den_reg/C
                            (rising edge-triggered cell FDRE)
  Destination:            u_xadc/xadc_inst/DEN
  Path Group:             (none)
  Path Type:              Min at Fast Process Corner
  Data Path Delay:        0.297ns  (logic 0.141ns (47.421%)  route 0.156ns (52.579%))
  Logic Levels:           1  (FDRE=1)

    Location             Delay type                Incr(ns)  Path(ns)    Netlist Resource(s)
  -------------------------------------------------------------------    -------------------
    SLICE_X28Y126        FDRE                         0.000     0.000 r  u_xadc/xadc_den_reg/C
    SLICE_X28Y126        FDRE (Prop_fdre_C_Q)         0.141     0.141 r  u_xadc/xadc_den_reg/Q
                         net (fo=1, routed)           0.156     0.297    u_xadc/xadc_den
    XADC_X0Y0            XADC                                         r  u_xadc/xadc_inst/DEN
  -------------------------------------------------------------------    -------------------

Slack:                    inf
  Source:                 set_state_reg[1]/C
                            (rising edge-triggered cell FDRE)
  Destination:            set_state_reg[0]/D
  Path Group:             (none)
  Path Type:              Min at Fast Process Corner
  Data Path Delay:        0.305ns  (logic 0.227ns (74.539%)  route 0.078ns (25.461%))
  Logic Levels:           2  (FDRE=1 LUT2=1)

    Location             Delay type                Incr(ns)  Path(ns)    Netlist Resource(s)
  -------------------------------------------------------------------    -------------------
    SLICE_X0Y110         FDRE                         0.000     0.000 r  set_state_reg[1]/C
    SLICE_X0Y110         FDRE (Prop_fdre_C_Q)         0.128     0.128 f  set_state_reg[1]/Q
                         net (fo=2, routed)           0.078     0.206    LED_OBUF[9]
    SLICE_X0Y110         LUT2 (Prop_lut2_I0_O)        0.099     0.305 r  set_state[0]_i_1/O
                         net (fo=1, routed)           0.000     0.305    set_state[0]_i_1_n_0
    SLICE_X0Y110         FDRE                                         r  set_state_reg[0]/D
  -------------------------------------------------------------------    -------------------

Slack:                    inf
  Source:                 u_xadc/FSM_onehot_state_reg[2]/C
                            (rising edge-triggered cell FDRE)
  Destination:            u_xadc/FSM_onehot_state_reg[0]/D
  Path Group:             (none)
  Path Type:              Min at Fast Process Corner
  Data Path Delay:        0.308ns  (logic 0.186ns (60.324%)  route 0.122ns (39.676%))
  Logic Levels:           2  (FDRE=1 LUT6=1)

    Location             Delay type                Incr(ns)  Path(ns)    Netlist Resource(s)
  -------------------------------------------------------------------    -------------------
    SLICE_X29Y126        FDRE                         0.000     0.000 r  u_xadc/FSM_onehot_state_reg[2]/C
    SLICE_X29Y126        FDRE (Prop_fdre_C_Q)         0.141     0.141 r  u_xadc/FSM_onehot_state_reg[2]/Q
                         net (fo=17, routed)          0.122     0.263    u_xadc/FSM_onehot_state_reg_n_0_[2]
    SLICE_X28Y126        LUT6 (Prop_lut6_I0_O)        0.045     0.308 r  u_xadc/FSM_onehot_state[0]_i_1/O
                         net (fo=1, routed)           0.000     0.308    u_xadc/FSM_onehot_state[0]_i_1_n_0
    SLICE_X28Y126        FDSE                                         r  u_xadc/FSM_onehot_state_reg[0]/D
  -------------------------------------------------------------------    -------------------

Slack:                    inf
  Source:                 u_xadc/FSM_onehot_state_reg[2]/C
                            (rising edge-triggered cell FDRE)
  Destination:            u_xadc/FSM_onehot_state_reg[1]/D
  Path Group:             (none)
  Path Type:              Min at Fast Process Corner
  Data Path Delay:        0.309ns  (logic 0.186ns (60.129%)  route 0.123ns (39.871%))
  Logic Levels:           2  (FDRE=1 LUT6=1)

    Location             Delay type                Incr(ns)  Path(ns)    Netlist Resource(s)
  -------------------------------------------------------------------    -------------------
    SLICE_X29Y126        FDRE                         0.000     0.000 r  u_xadc/FSM_onehot_state_reg[2]/C
    SLICE_X29Y126        FDRE (Prop_fdre_C_Q)         0.141     0.141 r  u_xadc/FSM_onehot_state_reg[2]/Q
                         net (fo=17, routed)          0.123     0.264    u_xadc/FSM_onehot_state_reg_n_0_[2]
    SLICE_X28Y126        LUT6 (Prop_lut6_I0_O)        0.045     0.309 r  u_xadc/FSM_onehot_state[1]_i_1/O
                         net (fo=1, routed)           0.000     0.309    u_xadc/FSM_onehot_state[1]_i_1_n_0
    SLICE_X28Y126        FDRE                                         r  u_xadc/FSM_onehot_state_reg[1]/D
  -------------------------------------------------------------------    -------------------





