Copyright 1986-2022 Xilinx, Inc. All Rights Reserved. Copyright 2022-2025 Advanced Micro Devices, Inc. All Rights Reserved.
---------------------------------------------------------------------------------------------------------------------------------------------
| Tool Version : Vivado v.2025.2 (win64) Build 6299465 Fri Nov 14 19:35:11 GMT 2025
| Date         : Mon Mar 30 20:03:56 2026
| Host         : DESKTOP-MAISHA running 64-bit major release  (build 9200)
| Command      : report_control_sets -verbose -file simple_clock_top_control_sets_placed.rpt
| Design       : simple_clock_top
| Device       : xc7a100t
---------------------------------------------------------------------------------------------------------------------------------------------

Control Set Information

Table of Contents
-----------------
1. Summary
2. Histogram
3. Flip-Flop Distribution
4. Detailed Control Set Information

1. Summary
----------

+----------------------------------------------------------+-------+
|                          Status                          | Count |
+----------------------------------------------------------+-------+
| Total control sets                                       |    14 |
|    Minimum number of control sets                        |    14 |
|    Addition due to synthesis replication                 |     0 |
|    Addition due to physical synthesis replication        |     0 |
| Unused register locations in slices containing registers |    41 |
+----------------------------------------------------------+-------+
* Control sets can be merged at opt_design using control_set_merge or merge_equivalent_drivers
** Run report_qor_suggestions for automated merging and remapping suggestions


2. Histogram
------------

+--------------------+-------+
|       Fanout       | Count |
+--------------------+-------+
| Total control sets |    14 |
| >= 0 to < 4        |     2 |
| >= 4 to < 6        |     2 |
| >= 6 to < 8        |     2 |
| >= 8 to < 10       |     0 |
| >= 10 to < 12      |     0 |
| >= 12 to < 14      |     0 |
| >= 14 to < 16      |     1 |
| >= 16              |     7 |
+--------------------+-------+
* Control sets can be remapped at either synth_design or opt_design


3. Flip-Flop Distribution
-------------------------

+--------------+-----------------------+------------------------+-----------------+--------------+
| Clock Enable | Synchronous Set/Reset | Asynchronous Set/Reset | Total Registers | Total Slices |
+--------------+-----------------------+------------------------+-----------------+--------------+
| No           | No                    | No                     |              15 |            6 |
| No           | No                    | Yes                    |               0 |            0 |
| No           | Yes                   | No                     |             148 |           44 |
| Yes          | No                    | No                     |               0 |            0 |
| Yes          | No                    | Yes                    |               0 |            0 |
| Yes          | Yes                   | No                     |              68 |           29 |
+--------------+-----------------------+------------------------+-----------------+--------------+


4. Detailed Control Set Information
-----------------------------------

+----------------------+-------------------------------------+----------------------------+------------------+----------------+--------------+
|     Clock Signal     |            Enable Signal            |      Set/Reset Signal      | Slice Load Count | Bel Load Count | Bels / Slice |
+----------------------+-------------------------------------+----------------------------+------------------+----------------+--------------+
|  CLK100MHZ_IBUF_BUFG | db_r/btn_stable0_out                | rst                        |                1 |              1 |         1.00 |
|  CLK100MHZ_IBUF_BUFG | db_u/btn_stable0_out                | rst                        |                1 |              1 |         1.00 |
|  CLK100MHZ_IBUF_BUFG | db_r/E[0]                           | rst                        |                2 |              5 |         2.50 |
|  CLK100MHZ_IBUF_BUFG | db_u/E[0]                           | rst                        |                2 |              5 |         2.50 |
|  CLK100MHZ_IBUF_BUFG | db_r/one_sec_pulse_reg[0]           | rst                        |                2 |              6 |         3.00 |
|  CLK100MHZ_IBUF_BUFG | db_u/FSM_onehot_set_state_reg[0][0] | rst                        |                3 |              6 |         2.00 |
|  CLK100MHZ_IBUF_BUFG | u_xadc/FSM_onehot_state_reg_n_0_[2] | rst                        |                7 |             14 |         2.00 |
|  CLK100MHZ_IBUF_BUFG |                                     |                            |                6 |             16 |         2.67 |
|  CLK100MHZ_IBUF_BUFG |                                     | db_r/counter[0]_i_1__0_n_0 |                6 |             21 |         3.50 |
|  CLK100MHZ_IBUF_BUFG |                                     | db_u/counter[0]_i_1_n_0    |                6 |             21 |         3.50 |
|  CLK100MHZ_IBUF_BUFG |                                     | u_xadc/clear               |                6 |             24 |         4.00 |
|  CLK100MHZ_IBUF_BUFG |                                     | cycle_counter[0]_i_1_n_0   |                7 |             28 |         4.00 |
|  CLK100MHZ_IBUF_BUFG | u_xadc/E[0]                         | rst                        |               11 |             30 |         2.73 |
|  CLK100MHZ_IBUF_BUFG |                                     | rst                        |               19 |             54 |         2.84 |
+----------------------+-------------------------------------+----------------------------+------------------+----------------+--------------+


